<?xml version="1.0" encoding="UTF-8"?>
<!-- Generated by org.testng.reporters.JUnitReportReporter -->
<testsuite hostname="hajira" failures="0" tests="1" name="Testscript.QALegendInvoiceTest" time="6.577" errors="0" timestamp="2024-12-18T14:24:21 IST" skipped="0">
  <testcase classname="Testscript.QALegendInvoiceTest" name="invoicepayment" time="6.577"/>
</testsuite> <!-- Testscript.QALegendInvoiceTest -->
