<?xml version="1.0" encoding="UTF-8"?>
<!-- Generated by org.testng.reporters.JUnitReportReporter -->
<testsuite hostname="hajira" failures="0" tests="1" name="Testscript.QALegendEstimateTest" time="6.600" errors="0" timestamp="2024-12-18T15:12:47 IST" skipped="0">
  <testcase classname="Testscript.QALegendEstimateTest" name="addEstimateForm" time="6.600"/>
</testsuite> <!-- Testscript.QALegendEstimateTest -->
