<?xml version="1.0" encoding="UTF-8"?>
<!-- Generated by org.testng.reporters.JUnitReportReporter -->
<testsuite hostname="hajira" failures="0" tests="1" name="Testscript.QALegendNoteTest" time="7.633" errors="0" timestamp="2024-12-18T15:12:47 IST" skipped="0">
  <testcase classname="Testscript.QALegendNoteTest" name="addNote" time="7.633"/>
</testsuite> <!-- Testscript.QALegendNoteTest -->
