<?xml version="1.0" encoding="UTF-8"?>
<!-- Generated by org.testng.reporters.JUnitReportReporter -->
<testsuite hostname="hajira" failures="0" tests="3" name="Testscript.QALegendItemsTest" time="26.343" errors="0" timestamp="2024-12-18T15:12:47 IST" skipped="0">
  <testcase classname="Testscript.QALegendItemsTest" name="additem" time="10.632"/>
  <testcase classname="Testscript.QALegendItemsTest" name="deleteItem" time="7.760"/>
  <testcase classname="Testscript.QALegendItemsTest" name="editItem" time="7.951"/>
</testsuite> <!-- Testscript.QALegendItemsTest -->
