<?xml version="1.0" encoding="UTF-8"?>
<!-- Generated by org.testng.reporters.JUnitReportReporter -->
<testsuite hostname="hajira" failures="0" tests="1" name="Testscript.QALegendLeaveTest" time="7.520" errors="0" timestamp="2024-12-07T14:18:12 IST" skipped="0">
  <testcase classname="Testscript.QALegendLeaveTest" name="leaveapprove" time="7.520"/>
</testsuite> <!-- Testscript.QALegendLeaveTest -->
