<?xml version="1.0" encoding="UTF-8"?>
<!-- Generated by org.testng.reporters.JUnitReportReporter -->
<testsuite hostname="hajira" failures="0" tests="1" name="Testscript.QALegendEstimateTest" time="6.167" errors="0" timestamp="2024-12-14T21:53:07 IST" skipped="0">
  <testcase classname="Testscript.QALegendEstimateTest" name="addEstimateForm" time="6.167"/>
</testsuite> <!-- Testscript.QALegendEstimateTest -->
