<?xml version="1.0" encoding="UTF-8"?>
<!-- Generated by org.testng.reporters.JUnitReportReporter -->
<testsuite hostname="hajira" failures="0" tests="1" name="Testscript.QALegendInvoiceTest" time="7.372" errors="0" timestamp="2024-12-14T21:53:07 IST" skipped="0">
  <testcase classname="Testscript.QALegendInvoiceTest" name="invoicepayment" time="7.372"/>
</testsuite> <!-- Testscript.QALegendInvoiceTest -->
